05/06/2018 10:02:20	This log contains information about the import schema operation into project 'Datawarehouse' on computer 'METLUDUDLT23039' by user 'jbernier'.
05/06/2018 10:02:20	Import of database schema has started.
05/06/2018 10:02:29	Gathering logins
05/06/2018 10:02:37	Gathering database credentials
05/06/2018 10:02:37	Gathering database options
05/06/2018 10:02:37	Gathering generic database scoped configuration option
05/06/2018 10:02:37	Gathering users
05/06/2018 10:02:37	Gathering roles
05/06/2018 10:02:37	Gathering application roles
05/06/2018 10:02:37	Gathering role memberships
05/06/2018 10:02:38	Gathering filegroups
05/06/2018 10:02:38	Gathering full-text catalogs
05/06/2018 10:02:38	Gathering assemblies
05/06/2018 10:02:38	Gathering certificates
05/06/2018 10:02:38	Gathering symmetric keys
05/06/2018 10:02:38	Gathering encrypted symmetric keys
05/06/2018 10:02:38	Gathering schemas
05/06/2018 10:02:38	Gathering XML schema collections
05/06/2018 10:02:38	Gathering user-defined data types
05/06/2018 10:02:38	Gathering user-defined types
05/06/2018 10:02:38	Gathering table types
05/06/2018 10:02:38	Gathering unique keys for table types
05/06/2018 10:02:38	Gathering primary keys for table types
05/06/2018 10:02:38	Gathering indexes for table types
05/06/2018 10:02:38	Gathering check constraints for table types
05/06/2018 10:02:38	Gathering default constraints for table types
05/06/2018 10:02:38	Gathering partition functions
05/06/2018 10:02:38	Gathering partition schemes
05/06/2018 10:02:38	Gathering functions
05/06/2018 10:02:38	Gathering encrypted functions
05/06/2018 10:02:38	Gathering aggregates
05/06/2018 10:02:38	Gathering procedures
05/06/2018 10:02:41	Gathering encrypted procedures
05/06/2018 10:02:41	Gathering tables
05/06/2018 10:02:42	Gathering primary keys
05/06/2018 10:02:42	Gathering unique constraints
05/06/2018 10:02:42	Gathering foreign keys
05/06/2018 10:02:42	Gathering default constraints
05/06/2018 10:02:42	Gathering check constraints
05/06/2018 10:02:42	Gathering views
05/06/2018 10:02:42	Gathering encrypted views
05/06/2018 10:02:42	Gathering indexes
05/06/2018 10:02:42	Gathering statistics
05/06/2018 10:02:42	Gathering full-text index stoplists
05/06/2018 10:02:42	Gathering search property lists
05/06/2018 10:02:42	Gathering search properties
05/06/2018 10:02:42	Gathering full-text indexes
05/06/2018 10:02:42	Gathering column store indexes
05/06/2018 10:02:42	Gathering spatial indexes
05/06/2018 10:02:42	Gathering XML indexes
05/06/2018 10:02:42	Gathering Selective XML indexes
05/06/2018 10:02:42	Gathering encrypted triggers
05/06/2018 10:02:42	Gathering triggers
05/06/2018 10:02:42	Gathering encrypted and clr ddl triggers
05/06/2018 10:02:42	Gathering ddl triggers
05/06/2018 10:02:42	Gathering synonyms
05/06/2018 10:02:42	Gathering defaults
05/06/2018 10:02:42	Gathering data constraint uddt bindings
05/06/2018 10:02:42	Gathering rules
05/06/2018 10:02:42	Gathering data constraint uddt bindings
05/06/2018 10:02:42	Gathering message types
05/06/2018 10:02:42	Gathering queues
05/06/2018 10:02:42	Gathering contracts
05/06/2018 10:02:42	Gathering services
05/06/2018 10:02:42	Gathering event notifications
05/06/2018 10:02:42	Gathering remote service bindings
05/06/2018 10:02:42	Gathering broker priorities
05/06/2018 10:02:42	Gathering signatures
05/06/2018 10:02:42	Gathering data compression options
05/06/2018 10:02:42	Gathering sequence types
05/06/2018 10:02:42	Gathering security policies
05/06/2018 10:02:42	Gather column encryption keys
05/06/2018 10:02:42	Gathering column master keys
05/06/2018 10:02:42	Gathering external data sources
05/06/2018 10:02:42	Gathering external tables
05/06/2018 10:02:42	Gathering extended properties
05/06/2018 10:02:46	Gathering logins
05/06/2018 10:02:48	Scanning project for duplicate elements
05/06/2018 10:02:48	Finished duplicate element processing
05/06/2018 10:02:49	Finished importing database.
05/06/2018 10:02:49	A summary of the import was saved to the following location: C:\Users\jbernier\Source\Repos\HarscoTest\Datawarehouse\Datawarehouse\Import Schema Logs\Datawarehouse_20180605080220.log
05/06/2018 10:02:49	Click Finish to continue...
