03/05/2018 09:52:45	This log contains information about the import schema operation into project 'Datawarehouse' on computer 'METLUDUDLT23039' by user 'jbernier'.
03/05/2018 09:52:45	Import of database schema has started.
03/05/2018 09:52:56	Gathering logins
03/05/2018 09:53:03	Gathering database credentials
03/05/2018 09:53:03	Gathering database options
03/05/2018 09:53:03	Gathering generic database scoped configuration option
03/05/2018 09:53:03	Gathering users
03/05/2018 09:53:03	Gathering roles
03/05/2018 09:53:03	Gathering application roles
03/05/2018 09:53:03	Gathering role memberships
03/05/2018 09:53:03	Gathering filegroups
03/05/2018 09:53:03	Gathering full-text catalogs
03/05/2018 09:53:03	Gathering assemblies
03/05/2018 09:53:03	Gathering certificates
03/05/2018 09:53:03	Gathering symmetric keys
03/05/2018 09:53:03	Gathering encrypted symmetric keys
03/05/2018 09:53:03	Gathering schemas
03/05/2018 09:53:03	Gathering XML schema collections
03/05/2018 09:53:03	Gathering user-defined data types
03/05/2018 09:53:03	Gathering user-defined types
03/05/2018 09:53:03	Gathering table types
03/05/2018 09:53:03	Gathering unique keys for table types
03/05/2018 09:53:03	Gathering primary keys for table types
03/05/2018 09:53:03	Gathering indexes for table types
03/05/2018 09:53:03	Gathering check constraints for table types
03/05/2018 09:53:03	Gathering default constraints for table types
03/05/2018 09:53:03	Gathering partition functions
03/05/2018 09:53:03	Gathering partition schemes
03/05/2018 09:53:03	Gathering functions
03/05/2018 09:53:03	Gathering encrypted functions
03/05/2018 09:53:03	Gathering aggregates
03/05/2018 09:53:03	Gathering procedures
03/05/2018 09:53:06	Gathering encrypted procedures
03/05/2018 09:53:06	Gathering tables
03/05/2018 09:53:07	Gathering primary keys
03/05/2018 09:53:07	Gathering unique constraints
03/05/2018 09:53:07	Gathering foreign keys
03/05/2018 09:53:07	Gathering default constraints
03/05/2018 09:53:07	Gathering check constraints
03/05/2018 09:53:07	Gathering views
03/05/2018 09:53:07	Gathering encrypted views
03/05/2018 09:53:07	Gathering indexes
03/05/2018 09:53:07	Gathering statistics
03/05/2018 09:53:07	Gathering full-text index stoplists
03/05/2018 09:53:07	Gathering search property lists
03/05/2018 09:53:07	Gathering search properties
03/05/2018 09:53:07	Gathering full-text indexes
03/05/2018 09:53:07	Gathering column store indexes
03/05/2018 09:53:07	Gathering spatial indexes
03/05/2018 09:53:07	Gathering XML indexes
03/05/2018 09:53:07	Gathering Selective XML indexes
03/05/2018 09:53:07	Gathering encrypted triggers
03/05/2018 09:53:07	Gathering triggers
03/05/2018 09:53:07	Gathering encrypted and clr ddl triggers
03/05/2018 09:53:07	Gathering ddl triggers
03/05/2018 09:53:07	Gathering synonyms
03/05/2018 09:53:07	Gathering defaults
03/05/2018 09:53:07	Gathering data constraint uddt bindings
03/05/2018 09:53:07	Gathering rules
03/05/2018 09:53:07	Gathering data constraint uddt bindings
03/05/2018 09:53:07	Gathering message types
03/05/2018 09:53:07	Gathering queues
03/05/2018 09:53:07	Gathering contracts
03/05/2018 09:53:07	Gathering services
03/05/2018 09:53:07	Gathering event notifications
03/05/2018 09:53:07	Gathering remote service bindings
03/05/2018 09:53:07	Gathering broker priorities
03/05/2018 09:53:07	Gathering signatures
03/05/2018 09:53:07	Gathering data compression options
03/05/2018 09:53:07	Gathering sequence types
03/05/2018 09:53:07	Gathering security policies
03/05/2018 09:53:07	Gather column encryption keys
03/05/2018 09:53:07	Gathering column master keys
03/05/2018 09:53:07	Gathering external data sources
03/05/2018 09:53:07	Gathering external tables
03/05/2018 09:53:07	Gathering extended properties
03/05/2018 09:53:11	Gathering logins
03/05/2018 09:53:13	Scanning project for duplicate elements
03/05/2018 09:53:13	Finished duplicate element processing
03/05/2018 09:53:14	Finished importing database.
03/05/2018 09:53:14	A summary of the import was saved to the following location: C:\Users\jbernier\Source\Repos\SSIS_Projects\Datawarehouse\Datawarehouse\Import Schema Logs\Datawarehouse_20180503075245.log
03/05/2018 09:53:14	Click Finish to continue...
