05/06/2018 09:54:42	This log contains information about the import schema operation into project 'Datawarehouse' on computer 'METLUDUDLT23039' by user 'jbernier'.
05/06/2018 09:54:43	Import of database schema has started.
05/06/2018 09:54:56	Gathering logins
05/06/2018 09:55:12	Gathering database credentials
05/06/2018 09:55:12	Gathering database options
05/06/2018 09:55:12	Gathering generic database scoped configuration option
05/06/2018 09:55:12	Gathering users
05/06/2018 09:55:12	Gathering roles
05/06/2018 09:55:12	Gathering application roles
05/06/2018 09:55:12	Gathering role memberships
05/06/2018 09:55:13	Gathering filegroups
05/06/2018 09:55:13	Gathering full-text catalogs
05/06/2018 09:55:13	Gathering assemblies
05/06/2018 09:55:13	Gathering certificates
05/06/2018 09:55:13	Gathering symmetric keys
05/06/2018 09:55:13	Gathering encrypted symmetric keys
05/06/2018 09:55:13	Gathering schemas
05/06/2018 09:55:13	Gathering XML schema collections
05/06/2018 09:55:13	Gathering user-defined data types
05/06/2018 09:55:13	Gathering user-defined types
05/06/2018 09:55:13	Gathering table types
05/06/2018 09:55:13	Gathering unique keys for table types
05/06/2018 09:55:13	Gathering primary keys for table types
05/06/2018 09:55:13	Gathering indexes for table types
05/06/2018 09:55:13	Gathering check constraints for table types
05/06/2018 09:55:13	Gathering default constraints for table types
05/06/2018 09:55:13	Gathering partition functions
05/06/2018 09:55:13	Gathering partition schemes
05/06/2018 09:55:13	Gathering functions
05/06/2018 09:55:13	Gathering encrypted functions
05/06/2018 09:55:13	Gathering aggregates
05/06/2018 09:55:13	Gathering procedures
05/06/2018 09:55:15	Gathering encrypted procedures
05/06/2018 09:55:15	Gathering tables
05/06/2018 09:55:16	Gathering primary keys
05/06/2018 09:55:16	Gathering unique constraints
05/06/2018 09:55:16	Gathering foreign keys
05/06/2018 09:55:16	Gathering default constraints
05/06/2018 09:55:16	Gathering check constraints
05/06/2018 09:55:16	Gathering views
05/06/2018 09:55:16	Gathering encrypted views
05/06/2018 09:55:16	Gathering indexes
05/06/2018 09:55:16	Gathering statistics
05/06/2018 09:55:16	Gathering full-text index stoplists
05/06/2018 09:55:16	Gathering search property lists
05/06/2018 09:55:16	Gathering search properties
05/06/2018 09:55:16	Gathering full-text indexes
05/06/2018 09:55:16	Gathering column store indexes
05/06/2018 09:55:16	Gathering spatial indexes
05/06/2018 09:55:16	Gathering XML indexes
05/06/2018 09:55:16	Gathering Selective XML indexes
05/06/2018 09:55:16	Gathering encrypted triggers
05/06/2018 09:55:16	Gathering triggers
05/06/2018 09:55:16	Gathering encrypted and clr ddl triggers
05/06/2018 09:55:16	Gathering ddl triggers
05/06/2018 09:55:16	Gathering synonyms
05/06/2018 09:55:16	Gathering defaults
05/06/2018 09:55:16	Gathering data constraint uddt bindings
05/06/2018 09:55:16	Gathering rules
05/06/2018 09:55:16	Gathering data constraint uddt bindings
05/06/2018 09:55:16	Gathering message types
05/06/2018 09:55:16	Gathering queues
05/06/2018 09:55:16	Gathering contracts
05/06/2018 09:55:16	Gathering services
05/06/2018 09:55:16	Gathering event notifications
05/06/2018 09:55:16	Gathering remote service bindings
05/06/2018 09:55:16	Gathering broker priorities
05/06/2018 09:55:16	Gathering signatures
05/06/2018 09:55:16	Gathering data compression options
05/06/2018 09:55:16	Gathering sequence types
05/06/2018 09:55:16	Gathering security policies
05/06/2018 09:55:16	Gather column encryption keys
05/06/2018 09:55:16	Gathering column master keys
05/06/2018 09:55:16	Gathering external data sources
05/06/2018 09:55:16	Gathering external tables
05/06/2018 09:55:16	Gathering extended properties
05/06/2018 09:55:17	Scanning project for duplicate elements
05/06/2018 09:55:17	Finished duplicate element processing
05/06/2018 09:55:18	Finished importing database.
05/06/2018 09:55:18	A summary of the import was saved to the following location: C:\Users\jbernier\Source\Repos\HarscoTest\Datawarehouse\Datawarehouse\Import Schema Logs\Datawarehouse_20180605075442.log
05/06/2018 09:55:18	Click Finish to continue...
